<?xml version="1.0" encoding="UTF-8"?>
<!-- Generated by org.testng.reporters.JUnitReportReporter -->
<testsuite hostname="wiolets-MBP.ht.home" failures="0" tests="1" name="com.qa.tests.PostAPITest" time="3.954" errors="0" timestamp="1 Feb 2022 03:05:38 GMT">
  <testcase classname="com.qa.tests.PostAPITest" name="postAPI" time="3.954"/>
</testsuite> <!-- com.qa.tests.PostAPITest -->
