<?xml version="1.0" encoding="UTF-8"?>
<!-- Generated by org.testng.reporters.JUnitReportReporter -->
<testsuite hostname="wiolets-MBP.ht.home" failures="0" tests="1" name="com.qa.tests.GetApiTest" time="0.630" errors="0" timestamp="31 Jan 2022 04:33:00 GMT">
  <testcase classname="com.qa.tests.GetApiTest" name="getApiTestWithOutHeaders" time="0.630"/>
</testsuite> <!-- com.qa.tests.GetApiTest -->
